=> Booting Puma
=> Rails 6.1.4.1 application starting in development 
=> Run `bin/rails server --help` for more startup options
Puma starting in single mode...
* Puma version: 5.5.0 (ruby 3.0.1-p64) ("Zawgyi")
*  Min threads: 5
*  Max threads: 5
*  Environment: development
*          PID: 5309
* Listening on http://127.0.0.1:3000
* Listening on http://[::1]:3000
Use Ctrl-C to stop
Started GET "/" for ::1 at 2021-10-09 15:01:27 +0530
  [1m[35m (1.9ms)[0m  [1m[34mSELECT sqlite_version(*)[0m
Processing by HomeController#index as HTML
  Rendering layout layouts/application.html.erb
  Rendering home/index.html.erb within layouts/application
  Rendered home/index.html.erb within layouts/application (Duration: 11.4ms | Allocations: 365)
[Webpacker] Everything's up-to-date. Nothing to do
  Rendered layout layouts/application.html.erb (Duration: 406.7ms | Allocations: 14097)
Completed 200 OK in 469ms (Views: 436.4ms | ActiveRecord: 0.0ms | Allocations: 17757)


